0 info it worked if it ends with ok
1 verbose cli [ '/usr/bin/node', '/usr/bin/npm', 'install', 'supervisor', '-g' ]
2 info using npm@1.3.21
3 info using node@v0.10.24
4 verbose node symlink /usr/bin/node
5 verbose cache add [ 'supervisor', null ]
6 verbose cache add name=undefined spec="supervisor" args=["supervisor",null]
7 verbose parsed url { protocol: null,
7 verbose parsed url   slashes: null,
7 verbose parsed url   auth: null,
7 verbose parsed url   host: null,
7 verbose parsed url   port: null,
7 verbose parsed url   hostname: null,
7 verbose parsed url   hash: null,
7 verbose parsed url   search: null,
7 verbose parsed url   query: null,
7 verbose parsed url   pathname: 'supervisor',
7 verbose parsed url   path: 'supervisor',
7 verbose parsed url   href: 'supervisor' }
8 silly lockFile 0f4d09e4-supervisor supervisor
9 verbose lock supervisor /home/themyth92/.npm/0f4d09e4-supervisor.lock
10 silly lockFile 0f4d09e4-supervisor supervisor
11 silly lockFile 0f4d09e4-supervisor supervisor
12 verbose addNamed [ 'supervisor', '' ]
13 verbose addNamed [ null, '*' ]
14 silly lockFile b28163ae-supervisor supervisor@
15 verbose lock supervisor@ /home/themyth92/.npm/b28163ae-supervisor.lock
16 silly addNameRange { name: 'supervisor', range: '*', hasData: false }
17 verbose url raw supervisor
18 verbose url resolving [ 'https://registry.npmjs.org/', './supervisor' ]
19 verbose url resolved https://registry.npmjs.org/supervisor
20 info trying registry request attempt 1 at 03:48:57
21 http GET https://registry.npmjs.org/supervisor
22 http 200 https://registry.npmjs.org/supervisor
23 silly registry.get cb [ 200,
23 silly registry.get   { date: 'Mon, 10 Feb 2014 03:48:58 GMT',
23 silly registry.get     server: 'CouchDB/1.5.0 (Erlang OTP/R16B)',
23 silly registry.get     etag: '"72BTJP3RB44JOEFKEFCP4FM83"',
23 silly registry.get     'content-type': 'application/json',
23 silly registry.get     via: '1.1 varnish',
23 silly registry.get     'cache-control': 'max-age=1',
23 silly registry.get     'content-length': '39653',
23 silly registry.get     'accept-ranges': 'bytes',
23 silly registry.get     age: '36568',
23 silly registry.get     'x-served-by': 'cache-v36-ASH, cache-sn86-SIN',
23 silly registry.get     'x-cache': 'MISS, MISS',
23 silly registry.get     'x-cache-hits': '0, 0',
23 silly registry.get     'x-timer': 'S1391973998.788130760,VS0,VS127,VE140,VE30139632',
23 silly registry.get     vary: 'Accept',
23 silly registry.get     'keep-alive': 'timeout=10, max=50',
23 silly registry.get     connection: 'Keep-Alive' } ]
24 silly addNameRange number 2 { name: 'supervisor', range: '*', hasData: true }
25 silly addNameRange versions [ 'supervisor',
25 silly addNameRange   [ '0.0.4',
25 silly addNameRange     '0.0.5',
25 silly addNameRange     '0.0.6',
25 silly addNameRange     '0.1.0',
25 silly addNameRange     '0.1.1',
25 silly addNameRange     '0.1.2',
25 silly addNameRange     '0.1.3',
25 silly addNameRange     '0.2.0',
25 silly addNameRange     '0.3.0',
25 silly addNameRange     '0.3.1',
25 silly addNameRange     '0.3.2',
25 silly addNameRange     '0.3.3',
25 silly addNameRange     '0.3.4',
25 silly addNameRange     '0.3.5',
25 silly addNameRange     '0.3.6',
25 silly addNameRange     '0.4.0',
25 silly addNameRange     '0.4.1',
25 silly addNameRange     '0.5.0',
25 silly addNameRange     '0.5.1',
25 silly addNameRange     '0.5.2',
25 silly addNameRange     '0.5.3',
25 silly addNameRange     '0.5.4',
25 silly addNameRange     '0.5.5',
25 silly addNameRange     '0.5.6' ] ]
26 verbose addNamed [ 'supervisor', '0.5.6' ]
27 verbose addNamed [ '0.5.6', '0.5.6' ]
28 silly lockFile cea9131d-supervisor-0-5-6 supervisor@0.5.6
29 verbose lock supervisor@0.5.6 /home/themyth92/.npm/cea9131d-supervisor-0-5-6.lock
30 silly lockFile 3aeb15e9--supervisor-supervisor-0-5-6-tgz https://registry.npmjs.org/supervisor/-/supervisor-0.5.6.tgz
31 verbose lock https://registry.npmjs.org/supervisor/-/supervisor-0.5.6.tgz /home/themyth92/.npm/3aeb15e9--supervisor-supervisor-0-5-6-tgz.lock
32 verbose addRemoteTarball [ 'https://registry.npmjs.org/supervisor/-/supervisor-0.5.6.tgz',
32 verbose addRemoteTarball   'e5ec3a5b59a585592de2dd77305cbeba342c7fc0' ]
33 info retry fetch attempt 1 at 03:48:58
34 verbose fetch to= /home/themyth92/tmp/npm-3863-LrIVOOqE/1392004138428-0.34740100987255573/tmp.tgz
35 http GET https://registry.npmjs.org/supervisor/-/supervisor-0.5.6.tgz
36 http 200 https://registry.npmjs.org/supervisor/-/supervisor-0.5.6.tgz
37 verbose tar unpack /home/themyth92/tmp/npm-3863-LrIVOOqE/1392004138428-0.34740100987255573/tmp.tgz
38 silly lockFile f1f04450-8428-0-34740100987255573-package tar:///home/themyth92/tmp/npm-3863-LrIVOOqE/1392004138428-0.34740100987255573/package
39 verbose lock tar:///home/themyth92/tmp/npm-3863-LrIVOOqE/1392004138428-0.34740100987255573/package /home/themyth92/.npm/f1f04450-8428-0-34740100987255573-package.lock
40 silly lockFile d86e7679-8428-0-34740100987255573-tmp-tgz tar:///home/themyth92/tmp/npm-3863-LrIVOOqE/1392004138428-0.34740100987255573/tmp.tgz
41 verbose lock tar:///home/themyth92/tmp/npm-3863-LrIVOOqE/1392004138428-0.34740100987255573/tmp.tgz /home/themyth92/.npm/d86e7679-8428-0-34740100987255573-tmp-tgz.lock
42 silly gunzTarPerm modes [ '755', '644' ]
43 silly gunzTarPerm extractEntry package.json
44 silly gunzTarPerm extractEntry README.md
45 silly gunzTarPerm extractEntry LICENSE
46 silly gunzTarPerm extractEntry lib/cli-wrapper.js
47 silly gunzTarPerm extractEntry lib/supervisor.js
48 silly lockFile f1f04450-8428-0-34740100987255573-package tar:///home/themyth92/tmp/npm-3863-LrIVOOqE/1392004138428-0.34740100987255573/package
49 silly lockFile f1f04450-8428-0-34740100987255573-package tar:///home/themyth92/tmp/npm-3863-LrIVOOqE/1392004138428-0.34740100987255573/package
50 silly lockFile d86e7679-8428-0-34740100987255573-tmp-tgz tar:///home/themyth92/tmp/npm-3863-LrIVOOqE/1392004138428-0.34740100987255573/tmp.tgz
51 silly lockFile d86e7679-8428-0-34740100987255573-tmp-tgz tar:///home/themyth92/tmp/npm-3863-LrIVOOqE/1392004138428-0.34740100987255573/tmp.tgz
52 verbose tar pack [ '/home/themyth92/.npm/supervisor/0.5.6/package.tgz',
52 verbose tar pack   '/home/themyth92/tmp/npm-3863-LrIVOOqE/1392004138428-0.34740100987255573/package' ]
53 verbose tarball /home/themyth92/.npm/supervisor/0.5.6/package.tgz
54 verbose folder /home/themyth92/tmp/npm-3863-LrIVOOqE/1392004138428-0.34740100987255573/package
55 silly lockFile f1f04450-8428-0-34740100987255573-package tar:///home/themyth92/tmp/npm-3863-LrIVOOqE/1392004138428-0.34740100987255573/package
56 verbose lock tar:///home/themyth92/tmp/npm-3863-LrIVOOqE/1392004138428-0.34740100987255573/package /home/themyth92/.npm/f1f04450-8428-0-34740100987255573-package.lock
57 silly lockFile b29b0bee-npm-supervisor-0-5-6-package-tgz tar:///home/themyth92/.npm/supervisor/0.5.6/package.tgz
58 verbose lock tar:///home/themyth92/.npm/supervisor/0.5.6/package.tgz /home/themyth92/.npm/b29b0bee-npm-supervisor-0-5-6-package-tgz.lock
59 silly lockFile f1f04450-8428-0-34740100987255573-package tar:///home/themyth92/tmp/npm-3863-LrIVOOqE/1392004138428-0.34740100987255573/package
60 silly lockFile f1f04450-8428-0-34740100987255573-package tar:///home/themyth92/tmp/npm-3863-LrIVOOqE/1392004138428-0.34740100987255573/package
61 silly lockFile b29b0bee-npm-supervisor-0-5-6-package-tgz tar:///home/themyth92/.npm/supervisor/0.5.6/package.tgz
62 silly lockFile b29b0bee-npm-supervisor-0-5-6-package-tgz tar:///home/themyth92/.npm/supervisor/0.5.6/package.tgz
63 silly lockFile 227ac29c-h92-npm-supervisor-0-5-6-package /home/themyth92/.npm/supervisor/0.5.6/package
64 verbose lock /home/themyth92/.npm/supervisor/0.5.6/package /home/themyth92/.npm/227ac29c-h92-npm-supervisor-0-5-6-package.lock
65 silly lockFile 227ac29c-h92-npm-supervisor-0-5-6-package /home/themyth92/.npm/supervisor/0.5.6/package
66 silly lockFile 227ac29c-h92-npm-supervisor-0-5-6-package /home/themyth92/.npm/supervisor/0.5.6/package
67 verbose tar unpack /home/themyth92/.npm/supervisor/0.5.6/package.tgz
68 silly lockFile 7fb6921b-h92-npm-supervisor-0-5-6-package tar:///home/themyth92/.npm/supervisor/0.5.6/package
69 verbose lock tar:///home/themyth92/.npm/supervisor/0.5.6/package /home/themyth92/.npm/7fb6921b-h92-npm-supervisor-0-5-6-package.lock
70 silly lockFile b29b0bee-npm-supervisor-0-5-6-package-tgz tar:///home/themyth92/.npm/supervisor/0.5.6/package.tgz
71 verbose lock tar:///home/themyth92/.npm/supervisor/0.5.6/package.tgz /home/themyth92/.npm/b29b0bee-npm-supervisor-0-5-6-package-tgz.lock
72 silly gunzTarPerm modes [ '755', '644' ]
73 silly gunzTarPerm extractEntry package.json
74 silly gunzTarPerm extractEntry README.md
75 silly gunzTarPerm extractEntry LICENSE
76 silly gunzTarPerm extractEntry lib/cli-wrapper.js
77 silly gunzTarPerm extractEntry lib/supervisor.js
78 silly lockFile 7fb6921b-h92-npm-supervisor-0-5-6-package tar:///home/themyth92/.npm/supervisor/0.5.6/package
79 silly lockFile 7fb6921b-h92-npm-supervisor-0-5-6-package tar:///home/themyth92/.npm/supervisor/0.5.6/package
80 silly lockFile b29b0bee-npm-supervisor-0-5-6-package-tgz tar:///home/themyth92/.npm/supervisor/0.5.6/package.tgz
81 silly lockFile b29b0bee-npm-supervisor-0-5-6-package-tgz tar:///home/themyth92/.npm/supervisor/0.5.6/package.tgz
82 verbose chmod /home/themyth92/.npm/supervisor/0.5.6/package.tgz 644
83 verbose chown /home/themyth92/.npm/supervisor/0.5.6/package.tgz [ 1001, 1001 ]
84 silly lockFile 3aeb15e9--supervisor-supervisor-0-5-6-tgz https://registry.npmjs.org/supervisor/-/supervisor-0.5.6.tgz
85 silly lockFile 3aeb15e9--supervisor-supervisor-0-5-6-tgz https://registry.npmjs.org/supervisor/-/supervisor-0.5.6.tgz
86 silly lockFile cea9131d-supervisor-0-5-6 supervisor@0.5.6
87 silly lockFile cea9131d-supervisor-0-5-6 supervisor@0.5.6
88 silly lockFile b28163ae-supervisor supervisor@
89 silly lockFile b28163ae-supervisor supervisor@
90 silly resolved [ { name: 'supervisor',
90 silly resolved     version: '0.5.6',
90 silly resolved     description: 'A supervisor program for running nodejs programs',
90 silly resolved     author: { name: 'Isaac Z. Schlueter', email: 'i@izs.me' },
90 silly resolved     contributors:
90 silly resolved      [ [Object],
90 silly resolved        [Object],
90 silly resolved        [Object],
90 silly resolved        [Object],
90 silly resolved        [Object],
90 silly resolved        [Object],
90 silly resolved        [Object],
90 silly resolved        [Object],
90 silly resolved        [Object],
90 silly resolved        [Object],
90 silly resolved        [Object],
90 silly resolved        [Object],
90 silly resolved        [Object],
90 silly resolved        [Object],
90 silly resolved        [Object],
90 silly resolved        [Object],
90 silly resolved        [Object],
90 silly resolved        [Object],
90 silly resolved        [Object],
90 silly resolved        [Object],
90 silly resolved        [Object],
90 silly resolved        [Object],
90 silly resolved        [Object],
90 silly resolved        [Object],
90 silly resolved        [Object] ],
90 silly resolved     repository:
90 silly resolved      { type: 'git',
90 silly resolved        url: 'git://github.com/isaacs/node-supervisor.git' },
90 silly resolved     bugs: { url: 'https://github.com/isaacs/node-supervisor/issues' },
90 silly resolved     homepage: 'https://github.com/isaacs/node-supervisor/',
90 silly resolved     main: 'lib/supervisor.js',
90 silly resolved     bin:
90 silly resolved      { 'node-supervisor': 'lib/cli-wrapper.js',
90 silly resolved        supervisor: 'lib/cli-wrapper.js' },
90 silly resolved     engines: { node: '>=0.3.7' },
90 silly resolved     preferGlobal: true,
90 silly resolved     readme: '# node-supervisor\n\nA little supervisor script for nodejs. It runs your program, and\nwatches for code changes, so you can have hot-code reloading-ish\nbehavior, without worrying about memory leaks and making sure you\nclean up all the inter-module references, and without a whole new\n`require` system.\n\n## node-supervisor -?\n\n\n    Node Supervisor is used to restart programs when they crash.\n    It can also be used to restart programs when a *.js file changes.\n\n    Usage:\n      supervisor [options] <program>\n      supervisor [options] -- <program> [args ...]\n\n    Required:\n      <program>\n        The program to run.\n\n    Options:\n      -w|--watch <watchItems>\n        A comma-delimited list of folders or js files to watch for changes.\n        When a change to a js file occurs, reload the program\n        Default is \'.\'\n\n      -i|--ignore <ignoreItems>\n        A comma-delimited list of folders to ignore for changes.\n        No default\n\n      -p|--poll-interval <milliseconds>\n        How often to poll watched files for changes.\n        Defaults to Node default.\n\n      -e|--extensions <extensions>\n        A comma-delimited list of file extensions to watch for changes.\n        Used when --watch option includes folders\n        Default is \'node|js\'\n\n      -x|--exec <executable>\n        The executable that runs the specified program.\n        Default is \'node\'\n\n      --debug\n        Start node with --debug flag.\n\n      --debug-brk\n        Start node with --debug-brk flag.\n\n      -n|--no-restart-on error|exit\n        Don\'t automatically restart the supervised program if it ends.\n        Supervisor will wait for a change in the source files.\n        If "error", an exit code of 0 will still restart.\n        If "exit", no restart regardless of exit code.\n\n      --force-watch\n        Use fs.watch instead of fs.watchFile.\n        This may be useful if you see a high cpu load on a windows machine.\n\n      -h|--help|-?\n        Display these usage instructions.\n\n      -q|--quiet\n        Suppress DEBUG messages\n\n    Examples:\n      supervisor myapp.js\n      supervisor myapp.coffee\n      supervisor -w scripts -e myext -x myrunner myapp\n      supervisor -w lib,server.js,config.js server.js\n      supervisor -- server.js -h host -p port\n\n\n## Simple Install\n\nInstall npm, and then do this:\n\n    npm install supervisor -g\n\nYou don\'t even need to download or fork this repo at all.\n\n## Fancy Install\n\nGet this code, install npm, and then do this:\n\n    npm link\n\n## todo\n\n1. Re-attach to a process by pid. If the supervisor is\nbackgrounded, and then disowned, the child will keep running. At\nthat point, the supervisor may be killed, but the child will keep\non running. It\'d be nice to have two supervisors that kept each\nother up, and could also perhaps run a child program.\n2. Run more types of programs than just "node blargh.js".\n3. Be able to run more than one program, so that you can have two\nsupervisors supervise each other, and then also keep some child\nserver up.\n4. When watching, it\'d be good to perhaps bring up a new child\nand then kill the old one gently, rather than just crashing the\nchild abruptly.\n5. Keep the pid in a safe place, so another supervisor can pull\nit out if told to supervise the same program.\n6. It\'d be pretty cool if this program could be run just like\ndoing `node blah.js`, but could somehow "know" which files had\nbeen loaded, and restart whenever a touched file changes.\n',
90 silly resolved     readmeFilename: 'README.md',
90 silly resolved     _id: 'supervisor@0.5.6',
90 silly resolved     dist: { shasum: 'e22cd712915be7aeca3dc122dc992d2f12d5622a' },
90 silly resolved     _from: 'supervisor@',
90 silly resolved     _resolved: 'https://registry.npmjs.org/supervisor/-/supervisor-0.5.6.tgz' } ]
91 info install supervisor@0.5.6 into /usr/lib
92 info installOne supervisor@0.5.6
93 info /usr/lib/node_modules/supervisor unbuild
94 verbose tar unpack /home/themyth92/.npm/supervisor/0.5.6/package.tgz
95 silly lockFile ac59d6d3--usr-lib-node-modules-supervisor tar:///usr/lib/node_modules/supervisor
96 verbose lock tar:///usr/lib/node_modules/supervisor /home/themyth92/.npm/ac59d6d3--usr-lib-node-modules-supervisor.lock
97 silly lockFile b29b0bee-npm-supervisor-0-5-6-package-tgz tar:///home/themyth92/.npm/supervisor/0.5.6/package.tgz
98 verbose lock tar:///home/themyth92/.npm/supervisor/0.5.6/package.tgz /home/themyth92/.npm/b29b0bee-npm-supervisor-0-5-6-package-tgz.lock
99 silly gunzTarPerm modes [ '755', '644' ]
100 error Error: EACCES, mkdir '/usr/lib/node_modules/supervisor'
100 error  { [Error: EACCES, mkdir '/usr/lib/node_modules/supervisor']
100 error   errno: 3,
100 error   code: 'EACCES',
100 error   path: '/usr/lib/node_modules/supervisor',
100 error   fstream_type: 'Directory',
100 error   fstream_path: '/usr/lib/node_modules/supervisor',
100 error   fstream_class: 'DirWriter',
100 error   fstream_stack:
100 error    [ '/usr/lib/node_modules/npm/node_modules/fstream/lib/dir-writer.js:36:23',
100 error      '/usr/lib/node_modules/npm/node_modules/mkdirp/index.js:37:53',
100 error      'Object.oncomplete (fs.js:107:15)' ] }
101 error Please try running this command again as root/Administrator.
102 error System Linux 3.11.0-12-generic
103 error command "/usr/bin/node" "/usr/bin/npm" "install" "supervisor" "-g"
104 error cwd /home/themyth92/fyp/GameApp
105 error node -v v0.10.24
106 error npm -v 1.3.21
107 error path /usr/lib/node_modules/supervisor
108 error fstream_path /usr/lib/node_modules/supervisor
109 error fstream_type Directory
110 error fstream_class DirWriter
111 error code EACCES
112 error errno 3
113 error stack Error: EACCES, mkdir '/usr/lib/node_modules/supervisor'
114 error fstream_stack /usr/lib/node_modules/npm/node_modules/fstream/lib/dir-writer.js:36:23
114 error fstream_stack /usr/lib/node_modules/npm/node_modules/mkdirp/index.js:37:53
114 error fstream_stack Object.oncomplete (fs.js:107:15)
115 verbose exit [ 3, true ]
